SmartPeking_day04/app/build/outputs/logs/manifest-merger-debug-report.txt
-- Merging decision tree log ---
manifest
ADDED from src\main\AndroidManifest.xml:2:1-78:12
	xmlns:android
		ADDED from src\main\AndroidManifest.xml:2:11-69
	package
		ADDED from src\main\AndroidManifest.xml:3:5-38
		INJECTED from src\main\AndroidManifest.xml
		INJECTED from src\main\AndroidManifest.xml
	android:versionName
		INJECTED from src\main\AndroidManifest.xml
		INJECTED from src\main\AndroidManifest.xml
	android:versionCode
		INJECTED from src\main\AndroidManifest.xml
		INJECTED from src\main\AndroidManifest.xml
uses-permission#android.permission.INTERNET
ADDED from src\main\AndroidManifest.xml:5:5-67
	android:name
		ADDED from src\main\AndroidManifest.xml:5:22-64
uses-permission#android.permission.WRITE_EXTERNAL_STORAGE
ADDED from src\main\AndroidManifest.xml:6:5-81
	android:name
		ADDED from src\main\AndroidManifest.xml:6:22-78
uses-permission#android.permission.ACCESS_WIFI_STATE
ADDED from src\main\AndroidManifest.xml:9:5-76
	android:name
		ADDED from src\main\AndroidManifest.xml:9:22-73
uses-permission#android.permission.ACCESS_NETWORK_STATE
ADDED from src\main\AndroidManifest.xml:10:5-79
	android:name
		ADDED from src\main\AndroidManifest.xml:10:22-76
uses-permission#android.permission.CHANGE_WIFI_STATE
ADDED from src\main\AndroidManifest.xml:11:5-76
	android:name
		ADDED from src\main\AndroidManifest.xml:11:22-73
uses-permission#android.permission.READ_PHONE_STATE
ADDED from src\main\AndroidManifest.xml:12:5-75
	android:name
		ADDED from src\main\AndroidManifest.xml:12:22-72
uses-permission#android.permission.MANAGE_ACCOUNTS
ADDED from src\main\AndroidManifest.xml:13:5-73
	android:name
		ADDED from src\main\AndroidManifest.xml:13:22-71
uses-permission#android.permission.GET_ACCOUNTS
ADDED from src\main\AndroidManifest.xml:14:5-70
	android:name
		ADDED from src\main\AndroidManifest.xml:14:22-68
application
ADDED from src\main\AndroidManifest.xml:17:5-76:19
MERGED from [com.android.support:appcompat-v7:23.1.1] AndroidManifest.xml:22:5-20
MERGED from [com.android.support:support-v4:23.1.1] AndroidManifest.xml:22:5-20
MERGED from [com.android.support:design:23.1.1] AndroidManifest.xml:22:5-20
MERGED from [com.android.support:appcompat-v7:23.1.1] AndroidManifest.xml:22:5-20
MERGED from [com.android.support:support-v4:23.1.1] AndroidManifest.xml:22:5-20
MERGED from [com.android.support:support-v4:23.1.1] AndroidManifest.xml:22:5-20
MERGED from [com.android.support:support-v4:23.1.1] AndroidManifest.xml:22:5-20
MERGED from [com.android.support:support-v4:23.1.1] AndroidManifest.xml:22:5-20
MERGED from [com.android.support:support-v4:23.1.1] AndroidManifest.xml:22:5-20
	android:supportsRtl
		ADDED from src\main\AndroidManifest.xml:21:9-35
	android:label
		ADDED from src\main\AndroidManifest.xml:20:9-41
	android:allowBackup
		ADDED from src\main\AndroidManifest.xml:18:9-35
	android:icon
		ADDED from src\main\AndroidManifest.xml:19:9-36
	android:theme
		ADDED from src\main\AndroidManifest.xml:22:9-40
activity#com.chanjay.smartpeking.SplashActivity
ADDED from src\main\AndroidManifest.xml:23:9-32:20
	android:label
		ADDED from src\main\AndroidManifest.xml:25:13-45
	android:theme
		ADDED from src\main\AndroidManifest.xml:26:13-56
	android:name
		ADDED from src\main\AndroidManifest.xml:24:13-43
intent-filter#android.intent.action.MAIN+android.intent.category.LAUNCHER
ADDED from src\main\AndroidManifest.xml:27:13-31:29
action#android.intent.action.MAIN
ADDED from src\main\AndroidManifest.xml:28:17-69
	android:name
		ADDED from src\main\AndroidManifest.xml:28:25-66
category#android.intent.category.LAUNCHER
ADDED from src\main\AndroidManifest.xml:30:17-77
	android:name
		ADDED from src\main\AndroidManifest.xml:30:27-74
activity#com.chanjay.smartpeking.GuideActivity
ADDED from src\main\AndroidManifest.xml:33:9-36:59
	android:label
		ADDED from src\main\AndroidManifest.xml:35:13-57
	android:theme
		ADDED from src\main\AndroidManifest.xml:36:13-56
	android:name
		ADDED from src\main\AndroidManifest.xml:34:13-42
activity#com.chanjay.smartpeking.MainActivity
ADDED from src\main\AndroidManifest.xml:37:9-40:66
	android:label
		ADDED from src\main\AndroidManifest.xml:39:13-56
	android:theme
		ADDED from src\main\AndroidManifest.xml:40:13-63
	android:name
		ADDED from src\main\AndroidManifest.xml:38:13-41
activity#com.chanjay.smartpeking.NewsDetailActivity
ADDED from src\main\AndroidManifest.xml:41:9-44:68
	android:label
		ADDED from src\main\AndroidManifest.xml:43:13-63
	android:theme
		ADDED from src\main\AndroidManifest.xml:44:13-56
	android:name
		ADDED from src\main\AndroidManifest.xml:42:13-47
activity#com.mob.tools.MobUIShell
ADDED from src\main\AndroidManifest.xml:47:9-66:20
	android:windowSoftInputMode
		ADDED from src\main\AndroidManifest.xml:52:13-67
	android:screenOrientation
		ADDED from src\main\AndroidManifest.xml:51:13-49
	android:configChanges
		ADDED from src\main\AndroidManifest.xml:50:13-74
	android:theme
		ADDED from src\main\AndroidManifest.xml:49:13-72
	android:name
		ADDED from src\main\AndroidManifest.xml:48:13-52
intent-filter#android.intent.action.VIEW+android.intent.category.BROWSABLE+android.intent.category.DEFAULT
ADDED from src\main\AndroidManifest.xml:54:13-59:29
data
ADDED from src\main\AndroidManifest.xml:55:17-59
	android:scheme
		ADDED from src\main\AndroidManifest.xml:55:23-56
action#android.intent.action.VIEW
ADDED from src\main\AndroidManifest.xml:56:17-69
	android:name
		ADDED from src\main\AndroidManifest.xml:56:25-66
category#android.intent.category.BROWSABLE
ADDED from src\main\AndroidManifest.xml:57:17-78
	android:name
		ADDED from src\main\AndroidManifest.xml:57:27-75
category#android.intent.category.DEFAULT
ADDED from src\main\AndroidManifest.xml:58:17-76
	android:name
		ADDED from src\main\AndroidManifest.xml:58:27-73
intent-filter#android.intent.category.DEFAULT+com.sina.weibo.sdk.action.ACTION_SDK_REQ_ACTIVITY
ADDED from src\main\AndroidManifest.xml:62:13-65:29
action#com.sina.weibo.sdk.action.ACTION_SDK_REQ_ACTIVITY
ADDED from src\main\AndroidManifest.xml:63:17-92
	android:name
		ADDED from src\main\AndroidManifest.xml:63:25-89
activity#com.chanjay.smartpeking.wxapi.WXEntryActivity
ADDED from src\main\AndroidManifest.xml:69:9-74:52
	android:screenOrientation
		ADDED from src\main\AndroidManifest.xml:74:13-49
	android:configChanges
		ADDED from src\main\AndroidManifest.xml:72:13-74
	android:theme
		ADDED from src\main\AndroidManifest.xml:71:13-72
	android:exported
		ADDED from src\main\AndroidManifest.xml:73:13-36
	android:name
		ADDED from src\main\AndroidManifest.xml:70:13-50
uses-sdk
INJECTED from src\main\AndroidManifest.xml reason: use-sdk injection requested
MERGED from [com.android.support:appcompat-v7:23.1.1] AndroidManifest.xml:20:5-43
MERGED from [com.android.support:support-v4:23.1.1] AndroidManifest.xml:20:5-43
MERGED from [com.android.support:design:23.1.1] AndroidManifest.xml:20:5-43
MERGED from [com.android.support:appcompat-v7:23.1.1] AndroidManifest.xml:20:5-43
MERGED from [com.android.support:support-v4:23.1.1] AndroidManifest.xml:20:5-43
MERGED from [com.android.support:recyclerview-v7:23.1.1] AndroidManifest.xml:20:5-43
MERGED from [com.android.support:support-v4:23.1.1] AndroidManifest.xml:20:5-43
MERGED from [com.android.support:support-v4:23.1.1] AndroidManifest.xml:20:5-43
MERGED from [SmartPeking:SlidingMenuLibrary:unspecified] AndroidManifest.xml:7:5-9:41
MERGED from [com.android.support:support-v4:23.1.1] AndroidManifest.xml:20:5-43
MERGED from [SmartPeking:ViewPagerIndicatorLibrary:unspecified] AndroidManifest.xml:7:5-9:41
MERGED from [com.android.support:support-v4:23.1.1] AndroidManifest.xml:20:5-43
	android:targetSdkVersion
		INJECTED from src\main\AndroidManifest.xml
		INJECTED from src\main\AndroidManifest.xml
	android:minSdkVersion
		INJECTED from src\main\AndroidManifest.xml
		INJECTED from src\main\AndroidManifest.xml